{"C:\\Users\\akita\\Dev\\gov-tech-challenge\\real\\govtech-react-assignment\\src\\components\\Spinner.tsx": {"path":"C:\\Users\\akita\\Dev\\gov-tech-challenge\\real\\govtech-react-assignment\\src\\components\\Spinner.tsx","statementMap":{"0":{"start":{"line":1,"column":0},"end":{"line":1,"column":24}},"1":{"start":{"line":2,"column":2},"end":{"line":22,"column":4}}},"fnMap":{"0":{"name":"Spinner","decl":{"start":{"line":1,"column":24},"end":{"line":1,"column":31}},"loc":{"start":{"line":1,"column":31},"end":{"line":23,"column":1}}}},"branchMap":{},"s":{"0":1,"1":0},"f":{"0":0},"b":{}}
,"C:\\Users\\akita\\Dev\\gov-tech-challenge\\real\\govtech-react-assignment\\src\\features\\search\\api\\getQueryResult.ts": {"path":"C:\\Users\\akita\\Dev\\gov-tech-challenge\\real\\govtech-react-assignment\\src\\features\\search\\api\\getQueryResult.ts","statementMap":{"0":{"start":{"line":8,"column":0},"end":{"line":8,"column":22}},"1":{"start":{"line":34,"column":0},"end":{"line":34,"column":16}},"2":{"start":{"line":1,"column":0},"end":{"line":1,"column":44}},"3":{"start":{"line":3,"column":0},"end":{"line":3,"column":81}},"4":{"start":{"line":6,"column":28},"end":{"line":6,"column":51}},"5":{"start":{"line":11,"column":2},"end":{"line":31,"column":3}},"6":{"start":{"line":12,"column":21},"end":{"line":12,"column":53}},"7":{"start":{"line":14,"column":4},"end":{"line":19,"column":5}},"8":{"start":{"line":15,"column":6},"end":{"line":18,"column":8}},"9":{"start":{"line":21,"column":30},"end":{"line":21,"column":51}},"10":{"start":{"line":22,"column":4},"end":{"line":25,"column":6}},"11":{"start":{"line":27,"column":4},"end":{"line":30,"column":6}},"12":{"start":{"line":35,"column":26},"end":{"line":35,"column":60}},"13":{"start":{"line":36,"column":32},"end":{"line":36,"column":47}},"14":{"start":{"line":37,"column":28},"end":{"line":37,"column":57}},"15":{"start":{"line":39,"column":2},"end":{"line":60,"column":21}},"16":{"start":{"line":40,"column":4},"end":{"line":44,"column":5}},"17":{"start":{"line":41,"column":6},"end":{"line":41,"column":20}},"18":{"start":{"line":42,"column":6},"end":{"line":42,"column":21}},"19":{"start":{"line":43,"column":6},"end":{"line":43,"column":13}},"20":{"start":{"line":46,"column":20},"end":{"line":57,"column":6}},"21":{"start":{"line":47,"column":6},"end":{"line":47,"column":21}},"22":{"start":{"line":48,"column":6},"end":{"line":48,"column":23}},"23":{"start":{"line":49,"column":30},"end":{"line":49,"column":66}},"24":{"start":{"line":50,"column":6},"end":{"line":54,"column":7}},"25":{"start":{"line":51,"column":8},"end":{"line":51,"column":24}},"26":{"start":{"line":53,"column":8},"end":{"line":53,"column":22}},"27":{"start":{"line":56,"column":6},"end":{"line":56,"column":24}},"28":{"start":{"line":59,"column":4},"end":{"line":59,"column":14}},"29":{"start":{"line":62,"column":2},"end":{"line":62,"column":34}}},"fnMap":{"0":{"name":"fetchQueryResult","decl":{"start":{"line":8,"column":22},"end":{"line":8,"column":38}},"loc":{"start":{"line":9,"column":22},"end":{"line":32,"column":null}}},"1":{"name":"useFetchQueryResult","decl":{"start":{"line":34,"column":16},"end":{"line":34,"column":35}},"loc":{"start":{"line":34,"column":56},"end":{"line":63,"column":1}}},"2":{"name":"(anonymous_10)","decl":{"start":{"line":39,"column":12},"end":{"line":39,"column":15}},"loc":{"start":{"line":39,"column":17},"end":{"line":60,"column":3}}},"3":{"name":"(anonymous_11)","decl":{"start":{"line":46,"column":20},"end":{"line":46,"column":null}},"loc":{"start":{"line":46,"column":20},"end":{"line":57,"column":6}}}},"branchMap":{"0":{"loc":{"start":{"line":14,"column":4},"end":{"line":19,"column":5}},"type":"if","locations":[{"start":{"line":14,"column":4},"end":{"line":19,"column":5}}]},"1":{"loc":{"start":{"line":40,"column":4},"end":{"line":44,"column":5}},"type":"if","locations":[{"start":{"line":40,"column":4},"end":{"line":44,"column":5}}]},"2":{"loc":{"start":{"line":50,"column":6},"end":{"line":54,"column":7}},"type":"if","locations":[{"start":{"line":50,"column":6},"end":{"line":54,"column":7}},{"start":{"line":52,"column":13},"end":{"line":54,"column":7}}]}},"s":{"0":2,"1":2,"2":2,"3":2,"4":2,"5":5,"6":5,"7":4,"8":2,"9":2,"10":2,"11":1,"12":7,"13":7,"14":7,"15":7,"16":3,"17":1,"18":1,"19":1,"20":2,"21":2,"22":2,"23":2,"24":2,"25":1,"26":1,"27":2,"28":2,"29":7},"f":{"0":5,"1":7,"2":3,"3":2},"b":{"0":[2],"1":[1],"2":[1,1]}}
,"C:\\Users\\akita\\Dev\\gov-tech-challenge\\real\\govtech-react-assignment\\src\\features\\search\\components\\SearchResult.tsx": {"path":"C:\\Users\\akita\\Dev\\gov-tech-challenge\\real\\govtech-react-assignment\\src\\features\\search\\components\\SearchResult.tsx","statementMap":{"0":{"start":{"line":7,"column":0},"end":{"line":7,"column":16}},"1":{"start":{"line":4,"column":0},"end":{"line":4,"column":60}},"2":{"start":{"line":5,"column":0},"end":{"line":5,"column":43}},"3":{"start":{"line":8,"column":15},"end":{"line":8,"column":32}},"4":{"start":{"line":9,"column":47},"end":{"line":9,"column":49}},"5":{"start":{"line":11,"column":12},"end":{"line":11,"column":13}},"6":{"start":{"line":12,"column":2},"end":{"line":18,"column":5}},"7":{"start":{"line":13,"column":4},"end":{"line":13,"column":64}},"8":{"start":{"line":14,"column":4},"end":{"line":16,"column":6}},"9":{"start":{"line":17,"column":4},"end":{"line":17,"column":30}},"10":{"start":{"line":20,"column":2},"end":{"line":20,"column":62}},"11":{"start":{"line":20,"column":25},"end":{"line":20,"column":62}},"12":{"start":{"line":22,"column":2},"end":{"line":22,"column":32}},"13":{"start":{"line":30,"column":27},"end":{"line":30,"column":32}},"14":{"start":{"line":31,"column":35},"end":{"line":31,"column":68}},"15":{"start":{"line":33,"column":2},"end":{"line":71,"column":4}},"16":{"start":{"line":49,"column":14},"end":{"line":49,"column":30}},"17":{"start":{"line":74,"column":0},"end":{"line":74,"column":28}}},"fnMap":{"0":{"name":"parseHighlightText","decl":{"start":{"line":7,"column":16},"end":{"line":7,"column":34}},"loc":{"start":{"line":7,"column":61},"end":{"line":23,"column":1}}},"1":{"name":"(anonymous_2)","decl":{"start":{"line":12,"column":34},"end":{"line":12,"column":35}},"loc":{"start":{"line":12,"column":48},"end":{"line":18,"column":3}}},"2":{"name":"SearchResult","decl":{"start":{"line":29,"column":9},"end":{"line":29,"column":21}},"loc":{"start":{"line":29,"column":37},"end":{"line":72,"column":1}}},"3":{"name":"(anonymous_4)","decl":{"start":{"line":48,"column":34},"end":{"line":48,"column":35}},"loc":{"start":{"line":49,"column":14},"end":{"line":49,"column":30}}}},"branchMap":{"0":{"loc":{"start":{"line":20,"column":2},"end":{"line":20,"column":62}},"type":"if","locations":[{"start":{"line":20,"column":2},"end":{"line":20,"column":62}}]},"1":{"loc":{"start":{"line":35,"column":7},"end":{"line":35,"column":75}},"type":"binary-expr","locations":[{"start":{"line":35,"column":7},"end":{"line":35,"column":12}},{"start":{"line":35,"column":16},"end":{"line":35,"column":75}}]},"2":{"loc":{"start":{"line":36,"column":7},"end":{"line":39,"column":null}},"type":"binary-expr","locations":[{"start":{"line":36,"column":7},"end":{"line":36,"column":14}},{"start":{"line":37,"column":8},"end":{"line":38,"column":null}}]},"3":{"loc":{"start":{"line":41,"column":7},"end":{"line":68,"column":null}},"type":"binary-expr","locations":[{"start":{"line":41,"column":7},"end":{"line":41,"column":11}},{"start":{"line":42,"column":8},"end":{"line":67,"column":null}}]}},"s":{"0":1,"1":1,"2":1,"3":1,"4":1,"5":1,"6":1,"7":1,"8":1,"9":1,"10":1,"11":1,"12":1,"13":0,"14":0,"15":0,"16":0,"17":1},"f":{"0":1,"1":1,"2":0,"3":0},"b":{"0":[1],"1":[0,0],"2":[0,0],"3":[0,0]}}
,"C:\\Users\\akita\\Dev\\gov-tech-challenge\\real\\govtech-react-assignment\\src\\mock\\api.mock.ts": {"path":"C:\\Users\\akita\\Dev\\gov-tech-challenge\\real\\govtech-react-assignment\\src\\mock\\api.mock.ts","statementMap":{"0":{"start":{"line":1,"column":13},"end":{"line":2,"column":142}},"1":{"start":{"line":4,"column":13},"end":{"line":5,"column":143}}},"fnMap":{},"branchMap":{},"s":{"0":2,"1":2},"f":{},"b":{}}
}
