TN:
SF:src\components\Spinner.tsx
FN:1,Spinner
FNF:1
FNH:0
FNDA:0,Spinner
DA:1,1
DA:2,0
LF:2
LH:1
BRF:0
BRH:0
end_of_record
TN:
SF:src\features\search\api\getQueryResult.ts
FN:8,fetchQueryResult
FN:34,useFetchQueryResult
FN:39,(anonymous_10)
FN:46,(anonymous_11)
FNF:4
FNH:4
FNDA:5,fetchQueryResult
FNDA:7,useFetchQueryResult
FNDA:3,(anonymous_10)
FNDA:2,(anonymous_11)
DA:1,2
DA:3,2
DA:6,2
DA:8,2
DA:11,5
DA:12,5
DA:14,4
DA:15,2
DA:21,2
DA:22,2
DA:27,1
DA:34,2
DA:35,7
DA:36,7
DA:37,7
DA:39,7
DA:40,3
DA:41,1
DA:42,1
DA:43,1
DA:46,2
DA:47,2
DA:48,2
DA:49,2
DA:50,2
DA:51,1
DA:53,1
DA:56,2
DA:59,2
DA:62,7
LF:30
LH:30
BRDA:14,0,0,2
BRDA:40,1,0,1
BRDA:50,2,0,1
BRDA:50,2,1,1
BRF:4
BRH:4
end_of_record
TN:
SF:src\features\search\components\SearchResult.tsx
FN:7,parseHighlightText
FN:12,(anonymous_2)
FN:29,SearchResult
FN:48,(anonymous_4)
FNF:4
FNH:2
FNDA:1,parseHighlightText
FNDA:1,(anonymous_2)
FNDA:0,SearchResult
FNDA:0,(anonymous_4)
DA:4,1
DA:5,1
DA:7,1
DA:8,1
DA:9,1
DA:11,1
DA:12,1
DA:13,1
DA:14,1
DA:17,1
DA:20,1
DA:22,1
DA:30,0
DA:31,0
DA:33,0
DA:49,0
DA:74,1
LF:17
LH:13
BRDA:20,0,0,1
BRDA:35,1,0,0
BRDA:35,1,1,0
BRDA:36,2,0,0
BRDA:36,2,1,0
BRDA:41,3,0,0
BRDA:41,3,1,0
BRF:7
BRH:1
end_of_record
TN:
SF:src\mock\api.mock.ts
FNF:0
FNH:0
DA:1,2
DA:4,2
LF:2
LH:2
BRF:0
BRH:0
end_of_record
